빌드 시작: 2018-01-15 오후 2:06:47
     1>2 노드의 "C:\Users\Administrator\Desktop\1228_C_day03\Test\Test.vcxproj" 프로젝트(build 대상)입니다.
     1>InitializeBuildStatus:
         "Debug\Test.unsuccessfulbuild"에 연결(touching)하고 있습니다.
       ClCompile:
         모든 출력이 최신 상태입니다.
       ManifestResourceCompile:
         모든 출력이 최신 상태입니다.
       Link:
         C:\Program Files (x86)\Microsoft Visual Studio 10.0\VC\bin\link.exe /ERRORREPORT:PROMPT /OUT:"C:\Users\Administrator\Desktop\1228_C_day03\Debug\Test.exe" /INCREMENTAL /NOLOGO kernel32.lib user32.lib gdi32.lib winspool.lib comdlg32.lib advapi32.lib shell32.lib ole32.lib oleaut32.lib uuid.lib odbc32.lib odbccp32.lib /MANIFEST /ManifestFile:"Debug\Test.exe.intermediate.manifest" /MANIFESTUAC:"level='asInvoker' uiAccess='false'" /DEBUG /PDB:"C:\Users\Administrator\Desktop\1228_C_day03\Debug\Test.pdb" /SUBSYSTEM:CONSOLE /TLBID:1 /DYNAMICBASE /NXCOMPAT /IMPLIB:"C:\Users\Administrator\Desktop\1228_C_day03\Debug\Test.lib" /MACHINE:X86 Debug\Test.exe.embed.manifest.res
         Debug\Test11.obj
     1>MSVCRTD.lib(crtexe.obj) : error LNK2019: _main 외부 기호(참조 위치: ___tmainCRTStartup 함수)에서 확인하지 못했습니다.
     1>C:\Users\Administrator\Desktop\1228_C_day03\Debug\Test.exe : fatal error LNK1120: 1개의 확인할 수 없는 외부 참조입니다.
     1>"C:\Users\Administrator\Desktop\1228_C_day03\Test\Test.vcxproj" 프로젝트를 빌드했습니다(build 대상). - 실패

빌드하지 못했습니다.

경과 시간: 00:00:00.21
